 C:/Users/prate/AppData/Local/Programs/Python/Python310/python.exe c:/Git_Local/jogo-dos-15/outro-jogo-15.py
[1, 2, 3, 4, 5, 6, 7, 8, 9, 10, 11, 12, 13, 14, 15, 0]
[6, 7, 14, 4, 12, 11, 9, 15, 8, 2, 10, 13, 5, 3, 0, 1]
--------------------    --------------------
    6    7   14    4        1    2    3    4
   12   11    9   15        5    6    7    8
    8    2   10   13        9   10   11   12
    5    3    0    1       13   14   15    0
--------------------    --------------------
Tecle Enter...
0.0009961128234863281 Tempo decorrido
Tentativa:  1
Melhor:  794 Novo Melhor:  763
--------------------    --------------------
    6    7   14    4        1    2    3    4
   12   11    9   15        5    6    7    8
    8    2   10   13        9   10   11   12
    5    3    1    0       13   14   15    0
--------------------    --------------------
0.01199030876159668 Tempo decorrido
Tentativa:  8
Melhor:  763 Novo Melhor:  737
--------------------    --------------------
    6    7   14    4        1    2    3    4
    0    8    9   15        5    6    7    8
   10    2   12   13        9   10   11   12
   11    3    1    5       13   14   15    0
--------------------    --------------------
0.019984960556030273 Tempo decorrido
Tentativa:  11
Melhor:  737 Novo Melhor:  671
--------------------    --------------------
    0    7   14    4        1    2    3    4
    3    8    9   15        5    6    7    8
   10    2   12   13        9   10   11   12
   11    1    6    5       13   14   15    0
--------------------    --------------------
0.030978679656982422 Tempo decorrido
Tentativa:  12
Melhor:  671 Novo Melhor:  594
--------------------    --------------------
    5    7   14    4        1    2    3    4
    3    8    9   15        5    6    7    8
   10    2   12   13        9   10   11   12
   11    1    6    0       13   14   15    0
--------------------    --------------------
0.04697084426879883 Tempo decorrido
Tentativa:  20
Melhor:  594 Novo Melhor:  484
--------------------    --------------------
    2    7    0    4        1    2    3    4
    3    6    9   15        5    6    7    8
   10   11   12   13        9   10   11   12
    8    1   14    5       13   14   15    0
--------------------    --------------------
0.05596327781677246 Tempo decorrido
Tentativa:  37
Melhor:  484 Novo Melhor:  456
--------------------    --------------------
   13    3    5    4        1    2    3    4
   14    6   12    0        5    6    7    8
   10    2    7    9        9   10   11   12
    8   11   15    1       13   14   15    0
--------------------    --------------------
0.0709543228149414 Tempo decorrido
Tentativa:  39
Melhor:  456 Novo Melhor:  450
--------------------    --------------------
   13    3    5    4        1    2    3    4
   14    6   12    7        5    6    7    8
   10    2    1    9        9   10   11   12
    8   11   15    0       13   14   15    0
--------------------    --------------------
0.07995033264160156 Tempo decorrido
Tentativa:  70
Melhor:  450 Novo Melhor:  346
--------------------    --------------------
    1    5   12    4        1    2    3    4
   13    6    2    3        5    6    7    8
   11    9   10    8        9   10   11   12
   14    7   15    0       13   14   15    0
--------------------    --------------------
0.09393954277038574 Tempo decorrido
Tentativa:  88
Melhor:  346 Novo Melhor:  316
--------------------    --------------------
    1   13    2    4        1    2    3    4
    8    6   14    7        5    6    7    8
    5    9   10    3        9   10   11   12
   11   12   15    0       13   14   15    0
--------------------    --------------------
0.10493302345275879 Tempo decorrido
Tentativa:  143
Melhor:  316 Novo Melhor:  128
--------------------    --------------------
    1    2    3    4        1    2    3    4
    5    6   10    8        5    6    7    8
    9   12   11    7        9   10   11   12
   14   13   15    0       13   14   15    0
--------------------    --------------------
0.11392807960510254 Tempo decorrido
Tentativa:  148
Melhor:  128 Novo Melhor:  122
--------------------    --------------------
    1    2    3    4        1    2    3    4
    5    6   12    8        5    6    7    8
    9   10   11    7        9   10   11   12
   14   13   15    0       13   14   15    0
--------------------    --------------------
0.12492012977600098 Tempo decorrido
Tentativa:  152
Melhor:  122 Novo Melhor:  51
--------------------    --------------------
    1    2    3    4        1    2    3    4
    5    6    7    8        5    6    7    8
    9   10   11   14        9   10   11   12
   12   13   15    0       13   14   15    0
--------------------    --------------------
0.2708306312561035 Tempo decorrido
Tentativa:  156
Melhor:  51 Novo Melhor:  0
--------------------    --------------------
    1    2    3    4        1    2    3    4
    5    6    7    8        5    6    7    8
    9   10   11   12        9   10   11   12
   13   14   15    0       13   14   15    0
--------------------    --------------------
0.27782654762268066 Tempo decorrido (Final)
