PS C:\Git_Local\jogo-dos-15> & C:/Users/prate/AppData/Local/Programs/Python/Python310/python.exe c:/Git_Local/jogo-dos-15/jogo-dos-15.py     
--------------------    --------------------
   12    2   11    1        1    2    3    4
    9    7    5    8        5    6    7    8
   10    4    3    6        9   10   11   12
   14   15    0   13       13   14   15    0
--------------------    --------------------
Tecle Enter...
0.0 Tempo decorrido
Tentativa:  1
Melhor:  776 Novo Melhor:  744
--------------------    --------------------
   12    2   11    1        1    2    3    4
    9    7    0    8        5    6    7    8
   10    4    5    6        9   10   11   12
   14   15    3   13       13   14   15    0
--------------------    --------------------
0.009994029998779297 Tempo decorrido
Tentativa:  3
Melhor:  744 Novo Melhor:  450
--------------------    --------------------
   12    2   11    1        1    2    3    4
    9    7    8    6        5    6    7    8
   10    4    5   13        9   10   11   12
   14   15    3    0       13   14   15    0
--------------------    --------------------
0.018988847732543945 Tempo decorrido
Tentativa:  5
Melhor:  450 Novo Melhor:  436
--------------------    --------------------
   12    0   11    1        1    2    3    4
    9    2    8    6        5    6    7    8
   10    7    5   13        9   10   11   12
   14    4   15    3       13   14   15    0
--------------------    --------------------
0.029980897903442383 Tempo decorrido
Tentativa:  11
Melhor:  436 Novo Melhor:  326
--------------------    --------------------
    0    2   11    1        1    2    3    4
   12    7    8    6        5    6    7    8
    9    4    5   13        9   10   11   12
   10   14   15    3       13   14   15    0
--------------------    --------------------
0.07676339149475098 Tempo decorrido
Tentativa:  570
Melhor:  326 Novo Melhor:  289
--------------------    --------------------
   13    8   11    4        1    2    3    4
    0    2    3    5        5    6    7    8
    7    9   10    6        9   10   11   12
   12   14   15    1       13   14   15    0
--------------------    --------------------
0.10174703598022461 Tempo decorrido
Tentativa:  575
Melhor:  289 Novo Melhor:  259
--------------------    --------------------
   13    0   11    4        1    2    3    4
    2    8    3    5        5    6    7    8
    7    9   10    6        9   10   11   12
   12   14   15    1       13   14   15    0
--------------------    --------------------
0.11824989318847656 Tempo decorrido
Tentativa:  576
Melhor:  259 Novo Melhor:  258
--------------------    --------------------
   13   11    0    4        1    2    3    4
    2    8    3    5        5    6    7    8
    7    9   10    6        9   10   11   12
   12   14   15    1       13   14   15    0
--------------------    --------------------
0.45774269104003906 Tempo decorrido
Tentativa:  6476
Melhor:  258 Novo Melhor:  253
--------------------    --------------------
    0    6    3    2        1    2    3    4
    4   10    5    9        5    6    7    8
    7   12    8   14        9   10   11   12
   13   15   11    1       13   14   15    0
--------------------    --------------------
2.108104705810547 Tempo decorrido
Tentativa:  37117
Melhor:  253 Novo Melhor:  244
--------------------    --------------------
    1    4   10    5        1    2    3    4
    2    7    3    6        5    6    7    8
    8    9   13   15        9   10   11   12
   12   14   11    0       13   14   15    0
--------------------    --------------------
2.529261589050293 Tempo decorrido
Tentativa:  44857
Melhor:  244 Novo Melhor:  220
--------------------    --------------------
    4    7    3    6        1    2    3    4
    1    2   14    8        5    6    7    8
    9   10    5   12        9   10   11   12
   11   13   15    0       13   14   15    0
--------------------    --------------------
3.5377256870269775 Tempo decorrido
Tentativa:  63104
Melhor:  220 Novo Melhor:  133
--------------------    --------------------
    1   10    2    3        1    2    3    4
    6    4    5    8        5    6    7    8
    9    7   12   13        9   10   11   12
   11   14   15    0       13   14   15    0
--------------------    --------------------
143.68019914627075 Tempo decorrido
Tentativa:  2717434
Melhor:  133 Novo Melhor:  112
--------------------    --------------------
    1    6    2    4        1    2    3    4
    5    7    3    9        5    6    7    8
    8   10   12   11        9   10   11   12
   14   13   15    0       13   14   15    0
--------------------    --------------------
244.3297712802887 Tempo decorrido
Tentativa:  4579104
Melhor:  112 Novo Melhor:  95
--------------------    --------------------
    3    2    1    4        1    2    3    4
    5    8    9    6        5    6    7    8
    7   10   11   12        9   10   11   12
   14   13   15    0       13   14   15    0
--------------------    --------------------
2249.7907168865204 Tempo decorrido
Tentativa:  40714376
Melhor:  95 Novo Melhor:  91
--------------------    --------------------
    3    2    7    1        1    2    3    4
    4    6    8    5        5    6    7    8
    9   10   11   12        9   10   11   12
   13   15   14    0       13   14   15    0
--------------------    --------------------
11744.301100254059 Tempo decorrido
Tentativa:  221703724
Melhor:  91 Novo Melhor:  85
--------------------    --------------------
    7    4    5    1        1    2    3    4
    3    2    8    6        5    6    7    8
    9   10   11   12        9   10   11   12
   13   14   15    0       13   14   15    0
--------------------    --------------------